0 info it worked if it ends with ok
1 verbose cli [ '/Users/kenwheeler/local/bin/node',
1 verbose cli   '/Users/kenwheeler/local/bin/npm',
1 verbose cli   'install',
1 verbose cli   'react-router',
1 verbose cli   '--save' ]
2 info using npm@1.4.28
3 info using node@v0.10.32
4 error Failed to parse json
4 error Unexpected token }
5 error File: /Users/kenwheeler/Projects/app-template/package.json
6 error Failed to parse package.json data.
6 error package.json must be actual JSON, not just JavaScript.
6 error
6 error This is not a bug in npm.
6 error Tell the package author to fix their package.json file. JSON.parse
7 error System Darwin 14.0.0
8 error command "/Users/kenwheeler/local/bin/node" "/Users/kenwheeler/local/bin/npm" "install" "react-router" "--save"
9 error cwd /Users/kenwheeler/Projects/app-template
10 error node -v v0.10.32
11 error npm -v 1.4.28
12 error file /Users/kenwheeler/Projects/app-template/package.json
13 error code EJSONPARSE
14 verbose exit [ 1, true ]
